2020-03-22 18:19:43.078  INFO 3500 --- [restartedMain] com.lkz.blogs01.Blogs01Application       : Starting Blogs01Application on DESKTOP-OMUSSST with PID 3500 (C:\Users\zeke\IdeaProjects\blogs-01\target\classes started by zeke in C:\Users\zeke\IdeaProjects\blogs-01)
2020-03-22 18:19:43.080  INFO 3500 --- [restartedMain] com.lkz.blogs01.Blogs01Application       : The following profiles are active: dev
2020-03-22 18:19:43.136  INFO 3500 --- [restartedMain] o.s.b.devtools.restart.ChangeableUrls    : The Class-Path manifest attribute in C:\Users\zeke\Desktop\maven\repository-xiaoli\org\glassfish\jaxb\jaxb-runtime\2.3.2\jaxb-runtime-2.3.2.jar referenced one or more files that do not exist: file:/C:/Users/zeke/Desktop/maven/repository-xiaoli/org/glassfish/jaxb/jaxb-runtime/2.3.2/jakarta.xml.bind-api-2.3.2.jar,file:/C:/Users/zeke/Desktop/maven/repository-xiaoli/org/glassfish/jaxb/jaxb-runtime/2.3.2/txw2-2.3.2.jar,file:/C:/Users/zeke/Desktop/maven/repository-xiaoli/org/glassfish/jaxb/jaxb-runtime/2.3.2/istack-commons-runtime-3.0.8.jar,file:/C:/Users/zeke/Desktop/maven/repository-xiaoli/org/glassfish/jaxb/jaxb-runtime/2.3.2/stax-ex-1.8.1.jar,file:/C:/Users/zeke/Desktop/maven/repository-xiaoli/org/glassfish/jaxb/jaxb-runtime/2.3.2/FastInfoset-1.2.16.jar,file:/C:/Users/zeke/Desktop/maven/repository-xiaoli/org/glassfish/jaxb/jaxb-runtime/2.3.2/jakarta.activation-api-1.2.1.jar
2020-03-22 18:19:43.137  INFO 3500 --- [restartedMain] .e.DevToolsPropertyDefaultsPostProcessor : Devtools property defaults active! Set 'spring.devtools.add-properties' to 'false' to disable
2020-03-22 18:19:43.644  INFO 3500 --- [restartedMain] .s.d.r.c.RepositoryConfigurationDelegate : Bootstrapping Spring Data JPA repositories in DEFAULT mode.
2020-03-22 18:19:43.666  INFO 3500 --- [restartedMain] .s.d.r.c.RepositoryConfigurationDelegate : Finished Spring Data repository scanning in 13ms. Found 0 JPA repository interfaces.
2020-03-22 18:19:44.048  INFO 3500 --- [restartedMain] o.hibernate.jpa.internal.util.LogHelper  : HHH000204: Processing PersistenceUnitInfo [name: default]
2020-03-22 18:19:44.148  INFO 3500 --- [restartedMain] org.hibernate.Version                    : HHH000412: Hibernate ORM core version 5.4.12.Final
2020-03-22 18:19:44.354  INFO 3500 --- [restartedMain] o.hibernate.annotations.common.Version   : HCANN000001: Hibernate Commons Annotations {5.1.0.Final}
2020-03-22 18:19:44.495  INFO 3500 --- [restartedMain] com.zaxxer.hikari.HikariDataSource       : HikariPool-1 - Starting...
2020-03-22 18:19:44.497  WARN 3500 --- [restartedMain] com.zaxxer.hikari.util.DriverDataSource  : Registered driver with driverClassName=com.mysql.jdbc.Driver was not found, trying direct instantiation.
2020-03-22 18:19:44.645  INFO 3500 --- [restartedMain] com.zaxxer.hikari.HikariDataSource       : HikariPool-1 - Start completed.
2020-03-22 18:19:44.664  INFO 3500 --- [restartedMain] org.hibernate.dialect.Dialect            : HHH000400: Using dialect: org.hibernate.dialect.MySQL55Dialect
2020-03-22 18:19:44.893  INFO 3500 --- [restartedMain] o.h.e.t.j.p.i.JtaPlatformInitiator       : HHH000490: Using JtaPlatform implementation: [org.hibernate.engine.transaction.jta.platform.internal.NoJtaPlatform]
2020-03-22 18:19:44.900  INFO 3500 --- [restartedMain] j.LocalContainerEntityManagerFactoryBean : Initialized JPA EntityManagerFactory for persistence unit 'default'
2020-03-22 18:19:44.930  INFO 3500 --- [restartedMain] o.s.b.d.a.OptionalLiveReloadServer       : LiveReload server is running on port 35729
2020-03-22 18:19:45.002  WARN 3500 --- [restartedMain] ion$DefaultTemplateResolverConfiguration : Cannot find template location: classpath:/templates/ (please add some templates or check your Thymeleaf configuration)
2020-03-22 18:19:45.049  INFO 3500 --- [restartedMain] com.lkz.blogs01.Blogs01Application       : Started Blogs01Application in 2.447 seconds (JVM running for 4.011)
2020-03-22 18:19:45.054  INFO 3500 --- [SpringContextShutdownHook] j.LocalContainerEntityManagerFactoryBean : Closing JPA EntityManagerFactory for persistence unit 'default'
2020-03-22 18:19:45.058  INFO 3500 --- [SpringContextShutdownHook] com.zaxxer.hikari.HikariDataSource       : HikariPool-1 - Shutdown initiated...
2020-03-22 18:19:45.073  INFO 3500 --- [SpringContextShutdownHook] com.zaxxer.hikari.HikariDataSource       : HikariPool-1 - Shutdown completed.
2020-03-22 18:27:22.236  INFO 23072 --- [restartedMain] com.lkz.blogs01.Blogs01Application       : Starting Blogs01Application on DESKTOP-OMUSSST with PID 23072 (C:\Users\zeke\IdeaProjects\blogs-01\target\classes started by zeke in C:\Users\zeke\IdeaProjects\blogs-01)
2020-03-22 18:27:22.240  INFO 23072 --- [restartedMain] com.lkz.blogs01.Blogs01Application       : The following profiles are active: dev
2020-03-22 18:27:22.282  INFO 23072 --- [restartedMain] o.s.b.devtools.restart.ChangeableUrls    : The Class-Path manifest attribute in C:\Users\zeke\Desktop\maven\repository-xiaoli\org\glassfish\jaxb\jaxb-runtime\2.3.2\jaxb-runtime-2.3.2.jar referenced one or more files that do not exist: file:/C:/Users/zeke/Desktop/maven/repository-xiaoli/org/glassfish/jaxb/jaxb-runtime/2.3.2/jakarta.xml.bind-api-2.3.2.jar,file:/C:/Users/zeke/Desktop/maven/repository-xiaoli/org/glassfish/jaxb/jaxb-runtime/2.3.2/txw2-2.3.2.jar,file:/C:/Users/zeke/Desktop/maven/repository-xiaoli/org/glassfish/jaxb/jaxb-runtime/2.3.2/istack-commons-runtime-3.0.8.jar,file:/C:/Users/zeke/Desktop/maven/repository-xiaoli/org/glassfish/jaxb/jaxb-runtime/2.3.2/stax-ex-1.8.1.jar,file:/C:/Users/zeke/Desktop/maven/repository-xiaoli/org/glassfish/jaxb/jaxb-runtime/2.3.2/FastInfoset-1.2.16.jar,file:/C:/Users/zeke/Desktop/maven/repository-xiaoli/org/glassfish/jaxb/jaxb-runtime/2.3.2/jakarta.activation-api-1.2.1.jar
2020-03-22 18:27:22.283  INFO 23072 --- [restartedMain] .e.DevToolsPropertyDefaultsPostProcessor : Devtools property defaults active! Set 'spring.devtools.add-properties' to 'false' to disable
2020-03-22 18:27:22.775  INFO 23072 --- [restartedMain] .s.d.r.c.RepositoryConfigurationDelegate : Bootstrapping Spring Data JPA repositories in DEFAULT mode.
2020-03-22 18:27:22.797  INFO 23072 --- [restartedMain] .s.d.r.c.RepositoryConfigurationDelegate : Finished Spring Data repository scanning in 13ms. Found 0 JPA repository interfaces.
2020-03-22 18:27:23.156  INFO 23072 --- [restartedMain] o.hibernate.jpa.internal.util.LogHelper  : HHH000204: Processing PersistenceUnitInfo [name: default]
2020-03-22 18:27:23.235  INFO 23072 --- [restartedMain] org.hibernate.Version                    : HHH000412: Hibernate ORM core version 5.4.12.Final
2020-03-22 18:27:23.443  INFO 23072 --- [restartedMain] o.hibernate.annotations.common.Version   : HCANN000001: Hibernate Commons Annotations {5.1.0.Final}
2020-03-22 18:27:23.572  INFO 23072 --- [restartedMain] com.zaxxer.hikari.HikariDataSource       : HikariPool-1 - Starting...
2020-03-22 18:27:23.575  WARN 23072 --- [restartedMain] com.zaxxer.hikari.util.DriverDataSource  : Registered driver with driverClassName=com.mysql.jdbc.Driver was not found, trying direct instantiation.
2020-03-22 18:27:23.713  INFO 23072 --- [restartedMain] com.zaxxer.hikari.HikariDataSource       : HikariPool-1 - Start completed.
2020-03-22 18:27:23.732  INFO 23072 --- [restartedMain] org.hibernate.dialect.Dialect            : HHH000400: Using dialect: org.hibernate.dialect.MySQL55Dialect
2020-03-22 18:27:23.952  INFO 23072 --- [restartedMain] o.h.e.t.j.p.i.JtaPlatformInitiator       : HHH000490: Using JtaPlatform implementation: [org.hibernate.engine.transaction.jta.platform.internal.NoJtaPlatform]
2020-03-22 18:27:23.959  INFO 23072 --- [restartedMain] j.LocalContainerEntityManagerFactoryBean : Initialized JPA EntityManagerFactory for persistence unit 'default'
2020-03-22 18:27:23.997  INFO 23072 --- [restartedMain] o.s.b.d.a.OptionalLiveReloadServer       : LiveReload server is running on port 35729
2020-03-22 18:27:24.065  WARN 23072 --- [restartedMain] ion$DefaultTemplateResolverConfiguration : Cannot find template location: classpath:/templates/ (please add some templates or check your Thymeleaf configuration)
2020-03-22 18:27:24.108  INFO 23072 --- [restartedMain] com.lkz.blogs01.Blogs01Application       : Started Blogs01Application in 2.326 seconds (JVM running for 3.818)
2020-03-22 18:27:24.113  INFO 23072 --- [SpringContextShutdownHook] j.LocalContainerEntityManagerFactoryBean : Closing JPA EntityManagerFactory for persistence unit 'default'
2020-03-22 18:27:24.117  INFO 23072 --- [SpringContextShutdownHook] com.zaxxer.hikari.HikariDataSource       : HikariPool-1 - Shutdown initiated...
2020-03-22 18:27:24.129  INFO 23072 --- [SpringContextShutdownHook] com.zaxxer.hikari.HikariDataSource       : HikariPool-1 - Shutdown completed.
